<?xml version="1.0" encoding="UTF-8"?>
<!-- Generated by org.testng.reporters.JUnitXMLReporter -->
<testsuite ignored="0" hostname="chauthai" failures="0" tests="2" name="Regression1" time="9.402" errors="0" timestamp="2022-11-06T07:26:09 EST">
  <testcase classname="pim.PimTest" name="@BeforeMethod method" time="2.679">
    <failure type="org.openqa.selenium.WebDriverException" message="unknown error: Chrome failed to start: exited normally.
  (chrome not reachable)
  (The process started from chrome location C:\Program Files\Google\Chrome\Application\chrome.exe is no longer running, so ChromeDriver is assuming that Chrome has crashed.)
Build info: version: &amp;apos;3.141.59&amp;apos;, revision: &amp;apos;e82be7d358&amp;apos;, time: &amp;apos;2018-11-14T08:17:03&amp;apos;
System info: host: &amp;apos;CHAUTHAI&amp;apos;, ip: &amp;apos;192.168.1.12&amp;apos;, os.name: &amp;apos;Windows 11&amp;apos;, os.arch: &amp;apos;amd64&amp;apos;, os.version: &amp;apos;10.0&amp;apos;, java.version: &amp;apos;18.0.1&amp;apos;
Driver info: driver.version: ChromeDriver
remote stacktrace: Backtrace:
	Ordinal0 [0x005AACD3+2075859]
	Ordinal0 [0x0053EE61+1633889]
	Ordinal0 [0x0043B7BD+571325]
	Ordinal0 [0x0045AA93+699027]
	Ordinal0 [0x00456BE9+682985]
	Ordinal0 [0x0048DBD3+908243]
	Ordinal0 [0x0048D6AA+906922]
	Ordinal0 [0x00487136+880950]
	Ordinal0 [0x0045FEFD+720637]
	Ordinal0 [0x00460F3F+724799]
	GetHandleVerifier [0x0085EED2+2769538]
	GetHandleVerifier [0x00850D95+2711877]
	GetHandleVerifier [0x0063A03A+521194]
	GetHandleVerifier [0x00638DA0+516432]
	Ordinal0 [0x0054682C+1665068]
	Ordinal0 [0x0054B128+1683752]
	Ordinal0 [0x0054B215+1683989]
	Ordinal0 [0x00556484+1729668]
	BaseThreadInitThunk [0x76176739+25]
	RtlGetFullPathName_UEx [0x77178FD2+1218]
	RtlGetFullPathName_UEx [0x77178F9D+1165]
">
      <![CDATA[org.openqa.selenium.WebDriverException: unknown error: Chrome failed to start: exited normally.
  (chrome not reachable)
  (The process started from chrome location C:\Program Files\Google\Chrome\Application\chrome.exe is no longer running, so ChromeDriver is assuming that Chrome has crashed.)
Build info: version: '3.141.59', revision: 'e82be7d358', time: '2018-11-14T08:17:03'
System info: host: 'CHAUTHAI', ip: '192.168.1.12', os.name: 'Windows 11', os.arch: 'amd64', os.version: '10.0', java.version: '18.0.1'
Driver info: driver.version: ChromeDriver
remote stacktrace: Backtrace:
Ordinal0 [0x005AACD3+2075859]
Ordinal0 [0x0053EE61+1633889]
Ordinal0 [0x0043B7BD+571325]
Ordinal0 [0x0045AA93+699027]
Ordinal0 [0x00456BE9+682985]
Ordinal0 [0x0048DBD3+908243]
Ordinal0 [0x0048D6AA+906922]
Ordinal0 [0x00487136+880950]
Ordinal0 [0x0045FEFD+720637]
Ordinal0 [0x00460F3F+724799]
GetHandleVerifier [0x0085EED2+2769538]
GetHandleVerifier [0x00850D95+2711877]
GetHandleVerifier [0x0063A03A+521194]
GetHandleVerifier [0x00638DA0+516432]
Ordinal0 [0x0054682C+1665068]
Ordinal0 [0x0054B128+1683752]
Ordinal0 [0x0054B215+1683989]
Ordinal0 [0x00556484+1729668]
BaseThreadInitThunk [0x76176739+25]
RtlGetFullPathName_UEx [0x77178FD2+1218]
RtlGetFullPathName_UEx [0x77178F9D+1165]

at org.openqa.selenium.remote.W3CHandshakeResponse.lambda$errorHandler$0(W3CHandshakeResponse.java:62)
at org.openqa.selenium.remote.HandshakeResponse.lambda$getResponseFunction$0(HandshakeResponse.java:30)
at org.openqa.selenium.remote.ProtocolHandshake.lambda$createSession$0(ProtocolHandshake.java:126)
at java.base/java.util.stream.ReferencePipeline$3$1.accept(ReferencePipeline.java:197)
at java.base/java.util.Spliterators$ArraySpliterator.tryAdvance(Spliterators.java:1002)
at java.base/java.util.stream.ReferencePipeline.forEachWithCancel(ReferencePipeline.java:129)
at java.base/java.util.stream.AbstractPipeline.copyIntoWithCancel(AbstractPipeline.java:527)
at java.base/java.util.stream.AbstractPipeline.copyInto(AbstractPipeline.java:513)
at java.base/java.util.stream.AbstractPipeline.wrapAndCopyInto(AbstractPipeline.java:499)
at java.base/java.util.stream.FindOps$FindOp.evaluateSequential(FindOps.java:150)
at java.base/java.util.stream.AbstractPipeline.evaluate(AbstractPipeline.java:234)
at java.base/java.util.stream.ReferencePipeline.findFirst(ReferencePipeline.java:647)
at org.openqa.selenium.remote.ProtocolHandshake.createSession(ProtocolHandshake.java:128)
at org.openqa.selenium.remote.ProtocolHandshake.createSession(ProtocolHandshake.java:74)
at org.openqa.selenium.remote.HttpCommandExecutor.execute(HttpCommandExecutor.java:136)
at org.openqa.selenium.remote.service.DriverCommandExecutor.execute(DriverCommandExecutor.java:83)
at org.openqa.selenium.remote.RemoteWebDriver.execute(RemoteWebDriver.java:552)
at org.openqa.selenium.remote.RemoteWebDriver.startSession(RemoteWebDriver.java:213)
at org.openqa.selenium.remote.RemoteWebDriver.<init>(RemoteWebDriver.java:131)
at org.openqa.selenium.chrome.ChromeDriver.<init>(ChromeDriver.java:181)
at org.openqa.selenium.chrome.ChromeDriver.<init>(ChromeDriver.java:168)
at org.openqa.selenium.chrome.ChromeDriver.<init>(ChromeDriver.java:123)
at pim.PimTest.method(PimTest.java:23)
at java.base/java.util.ArrayList.forEach(ArrayList.java:1511)
... Removed 36 stack frames]]>
    </failure>
  </testcase> <!-- @BeforeMethod method -->
  <testcase classname="pim.PimTest" name="user_fill_out_information" time="3.439"/>
  <testcase classname="pim.PimTest" name="user_verify_employee_id_is_not_empty" time="0.001">
    <skipped/>
  </testcase> <!-- user_verify_employee_id_is_not_empty -->
</testsuite> <!-- Regression1 -->
